2023-04-16 22:18:29.041 INFO [dancechar-base-service,main,,] o.s.c.s.PostProcessorRegistrationDelegate$BeanPostProcessorChecker.postProcessAfterInitialization:330- Bean 'org.springframework.cloud.autoconfigure.ConfigurationPropertiesRebinderAutoConfiguration' of type [org.springframework.cloud.autoconfigure.ConfigurationPropertiesRebinderAutoConfiguration$$EnhancerBySpringCGLIB$$182c1b37] is not eligible for getting processed by all BeanPostProcessors (for example: not eligible for auto-proxying)
2023-04-16 22:18:29.518 INFO [dancechar-base-service,main,,] c.a.cloud.nacos.client.NacosPropertySourceBuilder.loadNacosData:87- Loading nacos data, dataId: 'dancechar-base-service-local.yaml', group: 'dev'
2023-04-16 22:18:29.524 INFO [dancechar-base-service,main,,] o.s.c.b.c.PropertySourceBootstrapConfiguration.initialize:101- Located property source: CompositePropertySource {name='NACOS', propertySources=[NacosPropertySource {name='dancechar-base-service-local.yaml'}, NacosPropertySource {name='dancechar-base-service.yaml'}]}
2023-04-16 22:18:29.549 INFO [dancechar-base-service,main,,] com.litian.dancechar.base.StudentServiceTest.logStartupProfileInfo:651- The following profiles are active: local
2023-04-16 22:18:31.567 WARN [dancechar-base-service,main,,] o.springframework.boot.actuate.endpoint.EndpointId.logWarning:131- Endpoint ID 'nacos-config' contains invalid characters, please migrate to a valid format.
2023-04-16 22:18:31.571 WARN [dancechar-base-service,main,,] o.springframework.boot.actuate.endpoint.EndpointId.logWarning:131- Endpoint ID 'nacos-discovery' contains invalid characters, please migrate to a valid format.
2023-04-16 22:18:31.859 INFO [dancechar-base-service,main,,] o.s.d.r.config.RepositoryConfigurationDelegate.multipleStoresDetected:244- Multiple Spring Data modules found, entering strict repository configuration mode!
2023-04-16 22:18:31.862 INFO [dancechar-base-service,main,,] o.s.d.r.config.RepositoryConfigurationDelegate.registerRepositoriesIn:126- Bootstrapping Spring Data repositories in DEFAULT mode.
2023-04-16 22:18:31.905 INFO [dancechar-base-service,main,,] o.s.d.r.config.RepositoryConfigurationDelegate.registerRepositoriesIn:182- Finished Spring Data repository scanning in 32ms. Found 0 repository interfaces.
2023-04-16 22:18:32.073 WARN [dancechar-base-service,main,,] o.springframework.boot.actuate.endpoint.EndpointId.logWarning:131- Endpoint ID 'service-registry' contains invalid characters, please migrate to a valid format.
2023-04-16 22:23:33.204 INFO [dancechar-base-service,main,,] o.springframework.cloud.context.scope.GenericScope.setSerializationId:295- BeanFactory id=31b88294-ebe1-32e4-b8a5-b54810e769b1
2023-04-16 22:23:33.806 INFO [dancechar-base-service,main,,] o.s.c.s.PostProcessorRegistrationDelegate$BeanPostProcessorChecker.postProcessAfterInitialization:330- Bean 'org.springframework.transaction.annotation.ProxyTransactionManagementConfiguration' of type [org.springframework.transaction.annotation.ProxyTransactionManagementConfiguration$$EnhancerBySpringCGLIB$$fc12183a] is not eligible for getting processed by all BeanPostProcessors (for example: not eligible for auto-proxying)
2023-04-16 22:23:34.152 INFO [dancechar-base-service,main,,] o.s.c.s.PostProcessorRegistrationDelegate$BeanPostProcessorChecker.postProcessAfterInitialization:330- Bean 'org.springframework.cloud.autoconfigure.ConfigurationPropertiesRebinderAutoConfiguration' of type [org.springframework.cloud.autoconfigure.ConfigurationPropertiesRebinderAutoConfiguration$$EnhancerBySpringCGLIB$$182c1b37] is not eligible for getting processed by all BeanPostProcessors (for example: not eligible for auto-proxying)
2023-04-16 22:23:36.924 INFO [dancechar-base-service,main,,] org.redisson.Version.logVersion:41- Redisson 3.10.0
2023-04-16 22:23:37.354 INFO [dancechar-base-service,redisson-netty-1-3,,] o.r.connection.pool.MasterPubSubConnectionPool.operationComplete:169- 1 connections initialized for 127.0.0.1/127.0.0.1:6379
2023-04-16 22:23:37.354 INFO [dancechar-base-service,redisson-netty-1-2,,] org.redisson.connection.pool.MasterConnectionPool.operationComplete:169- 32 connections initialized for 127.0.0.1/127.0.0.1:6379
2023-04-16 22:23:37.668 INFO [dancechar-base-service,main,,] c.l.d.framework.common.thread.ThreadPoolCreate$1.initialize:171- Initializing ExecutorService
2023-04-16 22:23:37.670 INFO [dancechar-base-service,main,,] c.l.d.framework.common.thread.ThreadPoolCreate$1.initialize:171- Initializing ExecutorService
2023-04-16 22:40:11.998 INFO [dancechar-base-service,main,,] org.springframework.cloud.commons.util.InetUtils.convertAddress:170- Cannot determine local hostname
2023-04-16 22:40:13.444 INFO [dancechar-base-service,main,,] o.s.b.actuate.endpoint.web.EndpointLinksResolver.<init>:58- Exposing 22 endpoint(s) beneath base path '/actuator'
2023-04-16 22:40:13.806 INFO [dancechar-base-service,main,,] s.d.s.w.PropertySourcedRequestMappingHandlerMapping.initHandlerMethods:69- Mapped URL path [/v2/api-docs] onto method [public org.springframework.http.ResponseEntity<springfox.documentation.spring.web.json.Json> springfox.documentation.swagger2.web.Swagger2Controller.getDocumentation(java.lang.String,javax.servlet.http.HttpServletRequest)]
2023-04-16 22:40:13.886 INFO [dancechar-base-service,main,,] o.s.scheduling.concurrent.ThreadPoolTaskExecutor.initialize:171- Initializing ExecutorService
2023-04-16 22:40:13.902 INFO [dancechar-base-service,main,,] o.s.scheduling.concurrent.ThreadPoolTaskExecutor.initialize:171- Initializing ExecutorService 'threadPoolTaskExecutor'
2023-04-16 22:40:14.609 WARN [dancechar-base-service,main,,] com.netflix.config.sources.URLConfigurationSource.<init>:121- No URLs will be polled as dynamic configuration sources.
2023-04-16 22:40:14.619 INFO [dancechar-base-service,main,,] com.netflix.config.sources.URLConfigurationSource.<init>:122- To enable URLs as dynamic configuration sources, define System property archaius.configurationSource.additionalUrls or make config.properties available on classpath.
2023-04-16 22:40:14.657 WARN [dancechar-base-service,main,,] com.netflix.config.sources.URLConfigurationSource.<init>:121- No URLs will be polled as dynamic configuration sources.
2023-04-16 22:40:14.658 INFO [dancechar-base-service,main,,] com.netflix.config.sources.URLConfigurationSource.<init>:122- To enable URLs as dynamic configuration sources, define System property archaius.configurationSource.additionalUrls or make config.properties available on classpath.
2023-04-16 22:40:16.018 INFO [dancechar-base-service,main,,] o.s.scheduling.concurrent.ThreadPoolTaskScheduler.initialize:171- Initializing ExecutorService
2023-04-16 22:40:17.438 INFO [dancechar-base-service,main,,] s.d.s.web.plugins.DocumentationPluginsBootstrapper.start:160- Context refreshed
2023-04-16 22:40:17.465 INFO [dancechar-base-service,main,,] s.d.s.web.plugins.DocumentationPluginsBootstrapper.start:163- Found 1 custom documentation plugin(s)
2023-04-16 22:40:17.557 INFO [dancechar-base-service,main,,] s.d.spring.web.scanners.ApiListingReferenceScanner.scan:41- Scanning for api listing references
2023-04-16 22:40:17.967 INFO [dancechar-base-service,main,,] s.d.s.w.r.operation.CachingOperationNameGenerator.startingWith:40- Generating unique operation named: findByIdUsingPOST_1
2023-04-16 22:40:18.024 INFO [dancechar-base-service,main,,] s.d.s.w.r.operation.CachingOperationNameGenerator.startingWith:40- Generating unique operation named: listPagedUsingPOST_1
2023-04-16 22:40:18.026 INFO [dancechar-base-service,main,,] s.d.s.w.r.operation.CachingOperationNameGenerator.startingWith:40- Generating unique operation named: saveWithInsertUsingPOST_1
2023-04-16 22:40:18.156 INFO [dancechar-base-service,main,,] com.litian.dancechar.base.StudentServiceTest.logStarted:59- Started StudentServiceTest in 1310.621 seconds (JVM running for 20.949)
2023-04-16 22:40:18.320 INFO [dancechar-base-service,main,,] com.zaxxer.hikari.HikariDataSource.getConnection:110- DatebookHikariCP - Starting...
2023-04-16 22:40:19.726 ERROR[dancechar-base-service,main,,] com.zaxxer.hikari.pool.HikariPool.throwPoolInitializationException:574- DatebookHikariCP - Exception during pool initialization.
java.sql.SQLException: Access denied for user 'root'@'localhost' (using password: YES)
	at com.mysql.cj.jdbc.exceptions.SQLError.createSQLException(SQLError.java:129)
	at com.mysql.cj.jdbc.exceptions.SQLError.createSQLException(SQLError.java:97)
	at com.mysql.cj.jdbc.exceptions.SQLExceptionsMapping.translateException(SQLExceptionsMapping.java:122)
	at com.mysql.cj.jdbc.ConnectionImpl.createNewIO(ConnectionImpl.java:827)
	at com.mysql.cj.jdbc.ConnectionImpl.<init>(ConnectionImpl.java:447)
	at com.mysql.cj.jdbc.ConnectionImpl.getInstance(ConnectionImpl.java:237)
	at com.mysql.cj.jdbc.NonRegisteringDriver.connect(NonRegisteringDriver.java:199)
	at com.zaxxer.hikari.util.DriverDataSource.getConnection(DriverDataSource.java:136)
	at com.zaxxer.hikari.pool.PoolBase.newConnection(PoolBase.java:369)
	at com.zaxxer.hikari.pool.PoolBase.newPoolEntry(PoolBase.java:198)
	at com.zaxxer.hikari.pool.HikariPool.createPoolEntry(HikariPool.java:467)
	at com.zaxxer.hikari.pool.HikariPool.checkFailFast(HikariPool.java:541)
	at com.zaxxer.hikari.pool.HikariPool.<init>(HikariPool.java:115)
	at com.zaxxer.hikari.HikariDataSource.getConnection(HikariDataSource.java:112)
	at com.zaxxer.hikari.HikariDataSource$$FastClassBySpringCGLIB$$eeb1ae86.invoke(<generated>)
	at org.springframework.cglib.proxy.MethodProxy.invoke(MethodProxy.java:218)
	at org.springframework.aop.framework.CglibAopProxy$CglibMethodInvocation.invokeJoinpoint(CglibAopProxy.java:749)
	at org.springframework.aop.framework.ReflectiveMethodInvocation.proceed(ReflectiveMethodInvocation.java:163)
	at org.springframework.aop.support.DelegatingIntroductionInterceptor.doProceed(DelegatingIntroductionInterceptor.java:136)
	at org.springframework.aop.support.DelegatingIntroductionInterceptor.invoke(DelegatingIntroductionInterceptor.java:124)
	at org.springframework.aop.framework.ReflectiveMethodInvocation.proceed(ReflectiveMethodInvocation.java:186)
	at org.springframework.aop.framework.CglibAopProxy$DynamicAdvisedInterceptor.intercept(CglibAopProxy.java:688)
	at com.zaxxer.hikari.HikariDataSource$$EnhancerBySpringCGLIB$$939c16b4.getConnection(<generated>)
	at org.springframework.jdbc.datasource.DataSourceTransactionManager.doBegin(DataSourceTransactionManager.java:262)
	at org.springframework.transaction.support.AbstractPlatformTransactionManager.getTransaction(AbstractPlatformTransactionManager.java:378)
	at org.springframework.transaction.interceptor.TransactionAspectSupport.createTransactionIfNecessary(TransactionAspectSupport.java:475)
	at org.springframework.transaction.interceptor.TransactionAspectSupport.invokeWithinTransaction(TransactionAspectSupport.java:289)
	at org.springframework.transaction.interceptor.TransactionInterceptor.invoke(TransactionInterceptor.java:98)
	at org.springframework.aop.framework.ReflectiveMethodInvocation.proceed(ReflectiveMethodInvocation.java:186)
	at org.springframework.aop.framework.CglibAopProxy$DynamicAdvisedInterceptor.intercept(CglibAopProxy.java:688)
	at com.litian.dancechar.base.biz.student.service.StudentService$$EnhancerBySpringCGLIB$$c07935a8.findList(<generated>)
	at com.litian.dancechar.base.StudentServiceTest.testFindList(StudentServiceTest.java:21)
	at sun.reflect.NativeMethodAccessorImpl.invoke0(Native Method)
	at sun.reflect.NativeMethodAccessorImpl.invoke(NativeMethodAccessorImpl.java:62)
	at sun.reflect.DelegatingMethodAccessorImpl.invoke(DelegatingMethodAccessorImpl.java:43)
	at java.lang.reflect.Method.invoke(Method.java:498)
	at org.junit.runners.model.FrameworkMethod$1.runReflectiveCall(FrameworkMethod.java:50)
	at org.junit.internal.runners.model.ReflectiveCallable.run(ReflectiveCallable.java:12)
	at org.junit.runners.model.FrameworkMethod.invokeExplosively(FrameworkMethod.java:47)
	at org.junit.internal.runners.statements.InvokeMethod.evaluate(InvokeMethod.java:17)
	at org.springframework.test.context.junit4.statements.RunBeforeTestExecutionCallbacks.evaluate(RunBeforeTestExecutionCallbacks.java:74)
	at org.springframework.test.context.junit4.statements.RunAfterTestExecutionCallbacks.evaluate(RunAfterTestExecutionCallbacks.java:84)
	at org.springframework.test.context.junit4.statements.RunBeforeTestMethodCallbacks.evaluate(RunBeforeTestMethodCallbacks.java:75)
	at org.springframework.test.context.junit4.statements.RunAfterTestMethodCallbacks.evaluate(RunAfterTestMethodCallbacks.java:86)
	at org.springframework.test.context.junit4.statements.SpringRepeat.evaluate(SpringRepeat.java:84)
	at org.junit.runners.ParentRunner.runLeaf(ParentRunner.java:325)
	at org.springframework.test.context.junit4.SpringJUnit4ClassRunner.runChild(SpringJUnit4ClassRunner.java:251)
	at org.springframework.test.context.junit4.SpringJUnit4ClassRunner.runChild(SpringJUnit4ClassRunner.java:97)
	at org.junit.runners.ParentRunner$3.run(ParentRunner.java:290)
	at org.junit.runners.ParentRunner$1.schedule(ParentRunner.java:71)
	at org.junit.runners.ParentRunner.runChildren(ParentRunner.java:288)
	at org.junit.runners.ParentRunner.access$000(ParentRunner.java:58)
	at org.junit.runners.ParentRunner$2.evaluate(ParentRunner.java:268)
	at org.springframework.test.context.junit4.statements.RunBeforeTestClassCallbacks.evaluate(RunBeforeTestClassCallbacks.java:61)
	at org.springframework.test.context.junit4.statements.RunAfterTestClassCallbacks.evaluate(RunAfterTestClassCallbacks.java:70)
	at org.junit.runners.ParentRunner.run(ParentRunner.java:363)
	at org.springframework.test.context.junit4.SpringJUnit4ClassRunner.run(SpringJUnit4ClassRunner.java:190)
	at org.apache.maven.surefire.junit4.JUnit4Provider.execute(JUnit4Provider.java:365)
	at org.apache.maven.surefire.junit4.JUnit4Provider.executeWithRerun(JUnit4Provider.java:273)
	at org.apache.maven.surefire.junit4.JUnit4Provider.executeTestSet(JUnit4Provider.java:238)
	at org.apache.maven.surefire.junit4.JUnit4Provider.invoke(JUnit4Provider.java:159)
	at org.apache.maven.surefire.booter.ForkedBooter.invokeProviderInSameClassLoader(ForkedBooter.java:384)
	at org.apache.maven.surefire.booter.ForkedBooter.runSuitesInProcess(ForkedBooter.java:345)
	at org.apache.maven.surefire.booter.ForkedBooter.execute(ForkedBooter.java:126)
	at org.apache.maven.surefire.booter.ForkedBooter.main(ForkedBooter.java:418)
2023-04-16 22:40:20.383 INFO [dancechar-base-service,Thread-9,,] o.s.scheduling.concurrent.ThreadPoolTaskExecutor.shutdown:208- Shutting down ExecutorService 'threadPoolTaskExecutor'
